<?xml version="1.0" encoding="UTF-8"?>
<testsuites name="jest tests" tests="9" failures="0" errors="0" time="15.126">
  <testsuite name="icon组件" errors="0" failures="0" skipped="0" timestamp="2021-03-05T15:44:19" time="9.872" tests="3">
    <testcase classname="icon组件 icon存在" name="icon组件 icon存在" time="0.001">
    </testcase>
    <testcase classname="icon组件 icon渲染 successfully" name="icon组件 icon渲染 successfully" time="0.01">
    </testcase>
    <testcase classname="icon组件 icon的onclick事件" name="icon组件 icon的onclick事件" time="0.035">
    </testcase>
  </testsuite>
  <testsuite name="ClassNames" errors="0" failures="0" skipped="0" timestamp="2021-03-05T15:44:29" time="0.414" tests="5">
    <testcase classname="ClassNames 传入一个参数" name="ClassNames 传入一个参数" time="0.002">
    </testcase>
    <testcase classname="ClassNames 传入两个参数" name="ClassNames 传入两个参数" time="0">
    </testcase>
    <testcase classname="ClassNames 传入undefined" name="ClassNames 传入undefined" time="0.001">
    </testcase>
    <testcase classname="ClassNames 传入乱七八糟的值" name="ClassNames 传入乱七八糟的值" time="0">
    </testcase>
    <testcase classname="ClassNames 传入空字符串" name="ClassNames 传入空字符串" time="0">
    </testcase>
  </testsuite>
  <testsuite name="xx" errors="0" failures="0" skipped="0" timestamp="2021-03-05T15:44:29" time="0.281" tests="1">
    <testcase classname="xx test" name="xx test" time="0">
    </testcase>
  </testsuite>
</testsuites>